0 info it worked if it ends with ok
1 verbose cli [ '/Users/ignacio/.nvm/versions/node/v7.7.2/bin/node',
1 verbose cli   '/Users/ignacio/.nvm/versions/node/v7.7.2/bin/npm',
1 verbose cli   'run',
1 verbose cli   'build' ]
2 info using npm@4.1.2
3 info using node@v7.7.2
4 verbose run-script [ 'prebuild', 'build', 'postbuild' ]
5 info lifecycle meetup-plugin@1.0.0~prebuild: meetup-plugin@1.0.0
6 silly lifecycle meetup-plugin@1.0.0~prebuild: no script for prebuild, continuing
7 info lifecycle meetup-plugin@1.0.0~build: meetup-plugin@1.0.0
8 verbose lifecycle meetup-plugin@1.0.0~build: unsafe-perm in lifecycle true
9 verbose lifecycle meetup-plugin@1.0.0~build: PATH: /Users/ignacio/.nvm/versions/node/v7.7.2/lib/node_modules/npm/bin/node-gyp-bin:/Users/ignacio/source/vvv/www/wordpress-wpmudev/wp-content/plugins/meetup-plugin/node_modules/.bin:/Users/ignacio/.rvm/gems/ruby-2.2.1/bin:/Users/ignacio/.rvm/gems/ruby-2.2.1@global/bin:/Users/ignacio/.rvm/rubies/ruby-2.2.1/bin:/Users/ignacio/.nvm/versions/node/v7.7.2/bin:/Users/ignacio/bin:/bin:/sbin:/usr/bin:/usr/local/sbin:/usr/local/bin:/usr/local/bin:/usr/bin:/bin:/usr/sbin:/sbin:/Applications/PhpStorm.app/Contents/MacOS/:/Users/ignacio/.rvm/bin
10 verbose lifecycle meetup-plugin@1.0.0~build: CWD: /Users/ignacio/source/vvv/www/wordpress-wpmudev/wp-content/plugins/meetup-plugin
11 silly lifecycle meetup-plugin@1.0.0~build: Args: [ '-c', 'webpack -p' ]
12 silly lifecycle meetup-plugin@1.0.0~build: Returned: code: 1  signal: null
13 info lifecycle meetup-plugin@1.0.0~build: Failed to exec build script
14 verbose stack Error: meetup-plugin@1.0.0 build: `webpack -p`
14 verbose stack Exit status 1
14 verbose stack     at EventEmitter.<anonymous> (/Users/ignacio/.nvm/versions/node/v7.7.2/lib/node_modules/npm/lib/utils/lifecycle.js:279:16)
14 verbose stack     at emitTwo (events.js:106:13)
14 verbose stack     at EventEmitter.emit (events.js:194:7)
14 verbose stack     at ChildProcess.<anonymous> (/Users/ignacio/.nvm/versions/node/v7.7.2/lib/node_modules/npm/lib/utils/spawn.js:40:14)
14 verbose stack     at emitTwo (events.js:106:13)
14 verbose stack     at ChildProcess.emit (events.js:194:7)
14 verbose stack     at maybeClose (internal/child_process.js:899:16)
14 verbose stack     at Process.ChildProcess._handle.onexit (internal/child_process.js:226:5)
15 verbose pkgid meetup-plugin@1.0.0
16 verbose cwd /Users/ignacio/source/vvv/www/wordpress-wpmudev/wp-content/plugins/meetup-plugin
17 error Darwin 16.5.0
18 error argv "/Users/ignacio/.nvm/versions/node/v7.7.2/bin/node" "/Users/ignacio/.nvm/versions/node/v7.7.2/bin/npm" "run" "build"
19 error node v7.7.2
20 error npm  v4.1.2
21 error code ELIFECYCLE
22 error meetup-plugin@1.0.0 build: `webpack -p`
22 error Exit status 1
23 error Failed at the meetup-plugin@1.0.0 build script 'webpack -p'.
23 error Make sure you have the latest version of node.js and npm installed.
23 error If you do, this is most likely a problem with the meetup-plugin package,
23 error not with npm itself.
23 error Tell the author that this fails on your system:
23 error     webpack -p
23 error You can get information on how to open an issue for this project with:
23 error     npm bugs meetup-plugin
23 error Or if that isn't available, you can get their info via:
23 error     npm owner ls meetup-plugin
23 error There is likely additional logging output above.
24 verbose exit [ 1, true ]
